2012/10/15 15:41:47 [error] [php] include(PDO.php) [<a href='function.include'>function.include</a>]: failed to open stream: No such file or directory (D:\xampp\htdocs\test\framework\YiiBase.php:423)
Stack trace:
#0 D:\xampp\htdocs\test\framework\db\CDbConnection.php(421): spl_autoload_call()
#1 D:\xampp\htdocs\test\framework\db\CDbConnection.php(374): CDbConnection->createPdoInstance()
#2 D:\xampp\htdocs\test\framework\db\CDbConnection.php(331): CDbConnection->open()
#3 D:\xampp\htdocs\test\framework\db\CDbConnection.php(309): CDbConnection->setActive()
#4 D:\xampp\htdocs\test\framework\base\CModule.php(388): CDbConnection->init()
#5 D:\xampp\htdocs\test\framework\base\CApplication.php(431): CWebApplication->getComponent()
#6 D:\xampp\htdocs\test\framework\db\ar\CActiveRecord.php(624): CWebApplication->getDb()
#7 D:\xampp\htdocs\test\framework\db\ar\CActiveRecord.php(2311): Post->getDbConnection()
#8 D:\xampp\htdocs\test\framework\db\ar\CActiveRecord.php(388): CActiveRecordMetaData->__construct()
#9 D:\xampp\htdocs\test\framework\web\CActiveDataProvider.php(75): model()
#10 D:\xampp\htdocs\test\demos\blog\protected\controllers\PostController.php(132): CActiveDataProvider->__construct()
#11 D:\xampp\htdocs\test\framework\web\actions\CInlineAction.php(50): PostController->actionIndex()
#12 D:\xampp\htdocs\test\framework\web\CController.php(309): CInlineAction->runWithParams()
#13 D:\xampp\htdocs\test\framework\web\filters\CFilterChain.php(134): PostController->runAction()
#14 D:\xampp\htdocs\test\framework\web\filters\CFilter.php(41): CFilterChain->run()
#15 D:\xampp\htdocs\test\framework\web\CController.php(1146): CAccessControlFilter->filter()
#16 D:\xampp\htdocs\test\framework\web\filters\CInlineFilter.php(59): PostController->filterAccessControl()
#17 D:\xampp\htdocs\test\framework\web\filters\CFilterChain.php(131): CInlineFilter->filter()
#18 D:\xampp\htdocs\test\framework\web\CController.php(292): CFilterChain->run()
#19 D:\xampp\htdocs\test\framework\web\CController.php(266): PostController->runActionWithFilters()
#20 D:\xampp\htdocs\test\framework\web\CWebApplication.php(283): PostController->run()
#21 D:\xampp\htdocs\test\framework\web\CWebApplication.php(142): CWebApplication->runController()
#22 D:\xampp\htdocs\test\framework\base\CApplication.php(162): CWebApplication->processRequest()
#23 D:\xampp\htdocs\test\demos\blog\index.php(11): CWebApplication->run()
REQUEST_URI=/test/demos/blog/
2012/10/15 15:42:16 [error] [php] include(PDO.php) [<a href='function.include'>function.include</a>]: failed to open stream: No such file or directory (D:\xampp\htdocs\test\framework\YiiBase.php:423)
Stack trace:
#0 D:\xampp\htdocs\test\framework\db\CDbConnection.php(421): spl_autoload_call()
#1 D:\xampp\htdocs\test\framework\db\CDbConnection.php(374): CDbConnection->createPdoInstance()
#2 D:\xampp\htdocs\test\framework\db\CDbConnection.php(331): CDbConnection->open()
#3 D:\xampp\htdocs\test\framework\db\CDbConnection.php(309): CDbConnection->setActive()
#4 D:\xampp\htdocs\test\framework\base\CModule.php(388): CDbConnection->init()
#5 D:\xampp\htdocs\test\framework\base\CApplication.php(431): CWebApplication->getComponent()
#6 D:\xampp\htdocs\test\framework\db\ar\CActiveRecord.php(624): CWebApplication->getDb()
#7 D:\xampp\htdocs\test\framework\db\ar\CActiveRecord.php(2311): Post->getDbConnection()
#8 D:\xampp\htdocs\test\framework\db\ar\CActiveRecord.php(388): CActiveRecordMetaData->__construct()
#9 D:\xampp\htdocs\test\framework\web\CActiveDataProvider.php(75): model()
#10 D:\xampp\htdocs\test\demos\blog\protected\controllers\PostController.php(132): CActiveDataProvider->__construct()
#11 D:\xampp\htdocs\test\framework\web\actions\CInlineAction.php(50): PostController->actionIndex()
#12 D:\xampp\htdocs\test\framework\web\CController.php(309): CInlineAction->runWithParams()
#13 D:\xampp\htdocs\test\framework\web\filters\CFilterChain.php(134): PostController->runAction()
#14 D:\xampp\htdocs\test\framework\web\filters\CFilter.php(41): CFilterChain->run()
#15 D:\xampp\htdocs\test\framework\web\CController.php(1146): CAccessControlFilter->filter()
#16 D:\xampp\htdocs\test\framework\web\filters\CInlineFilter.php(59): PostController->filterAccessControl()
#17 D:\xampp\htdocs\test\framework\web\filters\CFilterChain.php(131): CInlineFilter->filter()
#18 D:\xampp\htdocs\test\framework\web\CController.php(292): CFilterChain->run()
#19 D:\xampp\htdocs\test\framework\web\CController.php(266): PostController->runActionWithFilters()
#20 D:\xampp\htdocs\test\framework\web\CWebApplication.php(283): PostController->run()
#21 D:\xampp\htdocs\test\framework\web\CWebApplication.php(142): CWebApplication->runController()
#22 D:\xampp\htdocs\test\framework\base\CApplication.php(162): CWebApplication->processRequest()
#23 D:\xampp\htdocs\test\demos\blog\index.php(11): CWebApplication->run()
REQUEST_URI=/test/demos/blog/
2012/10/15 15:42:17 [error] [php] include(PDO.php) [<a href='function.include'>function.include</a>]: failed to open stream: No such file or directory (D:\xampp\htdocs\test\framework\YiiBase.php:423)
Stack trace:
#0 D:\xampp\htdocs\test\framework\db\CDbConnection.php(421): spl_autoload_call()
#1 D:\xampp\htdocs\test\framework\db\CDbConnection.php(374): CDbConnection->createPdoInstance()
#2 D:\xampp\htdocs\test\framework\db\CDbConnection.php(331): CDbConnection->open()
#3 D:\xampp\htdocs\test\framework\db\CDbConnection.php(309): CDbConnection->setActive()
#4 D:\xampp\htdocs\test\framework\base\CModule.php(388): CDbConnection->init()
#5 D:\xampp\htdocs\test\framework\base\CApplication.php(431): CWebApplication->getComponent()
#6 D:\xampp\htdocs\test\framework\db\ar\CActiveRecord.php(624): CWebApplication->getDb()
#7 D:\xampp\htdocs\test\framework\db\ar\CActiveRecord.php(2311): Post->getDbConnection()
#8 D:\xampp\htdocs\test\framework\db\ar\CActiveRecord.php(388): CActiveRecordMetaData->__construct()
#9 D:\xampp\htdocs\test\framework\web\CActiveDataProvider.php(75): model()
#10 D:\xampp\htdocs\test\demos\blog\protected\controllers\PostController.php(132): CActiveDataProvider->__construct()
#11 D:\xampp\htdocs\test\framework\web\actions\CInlineAction.php(50): PostController->actionIndex()
#12 D:\xampp\htdocs\test\framework\web\CController.php(309): CInlineAction->runWithParams()
#13 D:\xampp\htdocs\test\framework\web\filters\CFilterChain.php(134): PostController->runAction()
#14 D:\xampp\htdocs\test\framework\web\filters\CFilter.php(41): CFilterChain->run()
#15 D:\xampp\htdocs\test\framework\web\CController.php(1146): CAccessControlFilter->filter()
#16 D:\xampp\htdocs\test\framework\web\filters\CInlineFilter.php(59): PostController->filterAccessControl()
#17 D:\xampp\htdocs\test\framework\web\filters\CFilterChain.php(131): CInlineFilter->filter()
#18 D:\xampp\htdocs\test\framework\web\CController.php(292): CFilterChain->run()
#19 D:\xampp\htdocs\test\framework\web\CController.php(266): PostController->runActionWithFilters()
#20 D:\xampp\htdocs\test\framework\web\CWebApplication.php(283): PostController->run()
#21 D:\xampp\htdocs\test\framework\web\CWebApplication.php(142): CWebApplication->runController()
#22 D:\xampp\htdocs\test\framework\base\CApplication.php(162): CWebApplication->processRequest()
#23 D:\xampp\htdocs\test\demos\blog\index.php(11): CWebApplication->run()
REQUEST_URI=/test/demos/blog/index.php/post/index
2012/10/15 15:42:25 [error] [php] include(PDO.php) [<a href='function.include'>function.include</a>]: failed to open stream: No such file or directory (D:\xampp\htdocs\test\framework\YiiBase.php:423)
Stack trace:
#0 D:\xampp\htdocs\test\framework\db\CDbConnection.php(421): spl_autoload_call()
#1 D:\xampp\htdocs\test\framework\db\CDbConnection.php(374): CDbConnection->createPdoInstance()
#2 D:\xampp\htdocs\test\framework\db\CDbConnection.php(331): CDbConnection->open()
#3 D:\xampp\htdocs\test\framework\db\CDbConnection.php(309): CDbConnection->setActive()
#4 D:\xampp\htdocs\test\framework\base\CModule.php(388): CDbConnection->init()
#5 D:\xampp\htdocs\test\framework\base\CApplication.php(431): CWebApplication->getComponent()
#6 D:\xampp\htdocs\test\framework\db\ar\CActiveRecord.php(624): CWebApplication->getDb()
#7 D:\xampp\htdocs\test\framework\db\ar\CActiveRecord.php(2311): User->getDbConnection()
#8 D:\xampp\htdocs\test\framework\db\ar\CActiveRecord.php(388): CActiveRecordMetaData->__construct()
#9 D:\xampp\htdocs\test\demos\blog\protected\models\User.php(21): model()
#10 D:\xampp\htdocs\test\demos\blog\protected\components\UserIdentity.php(18): model()
#11 D:\xampp\htdocs\test\demos\blog\protected\models\LoginForm.php(50): UserIdentity->authenticate()
#12 D:\xampp\htdocs\test\framework\validators\CInlineValidator.php(43): LoginForm->authenticate()
#13 D:\xampp\htdocs\test\framework\validators\CValidator.php(214): CInlineValidator->validateAttribute()
#14 D:\xampp\htdocs\test\framework\base\CModel.php(158): CInlineValidator->validate()
#15 D:\xampp\htdocs\test\demos\blog\protected\controllers\SiteController.php(79): LoginForm->validate()
#16 D:\xampp\htdocs\test\framework\web\actions\CInlineAction.php(50): SiteController->actionLogin()
#17 D:\xampp\htdocs\test\framework\web\CController.php(309): CInlineAction->runWithParams()
#18 D:\xampp\htdocs\test\framework\web\CController.php(287): SiteController->runAction()
#19 D:\xampp\htdocs\test\framework\web\CController.php(266): SiteController->runActionWithFilters()
#20 D:\xampp\htdocs\test\framework\web\CWebApplication.php(283): SiteController->run()
#21 D:\xampp\htdocs\test\framework\web\CWebApplication.php(142): CWebApplication->runController()
#22 D:\xampp\htdocs\test\framework\base\CApplication.php(162): CWebApplication->processRequest()
#23 D:\xampp\htdocs\test\demos\blog\index.php(11): CWebApplication->run()
REQUEST_URI=/test/demos/blog/index.php/site/login
2012/10/15 15:46:12 [error] [php] include(PDO.php) [<a href='function.include'>function.include</a>]: failed to open stream: No such file or directory (D:\xampp\htdocs\test\framework\YiiBase.php:423)
Stack trace:
#0 D:\xampp\htdocs\test\framework\db\CDbConnection.php(421): spl_autoload_call()
#1 D:\xampp\htdocs\test\framework\db\CDbConnection.php(374): CDbConnection->createPdoInstance()
#2 D:\xampp\htdocs\test\framework\db\CDbConnection.php(331): CDbConnection->open()
#3 D:\xampp\htdocs\test\framework\db\CDbConnection.php(309): CDbConnection->setActive()
#4 D:\xampp\htdocs\test\framework\base\CModule.php(388): CDbConnection->init()
#5 D:\xampp\htdocs\test\framework\base\CApplication.php(431): CWebApplication->getComponent()
#6 D:\xampp\htdocs\test\framework\db\ar\CActiveRecord.php(624): CWebApplication->getDb()
#7 D:\xampp\htdocs\test\framework\db\ar\CActiveRecord.php(2311): User->getDbConnection()
#8 D:\xampp\htdocs\test\framework\db\ar\CActiveRecord.php(388): CActiveRecordMetaData->__construct()
#9 D:\xampp\htdocs\test\demos\blog\protected\models\User.php(21): model()
#10 D:\xampp\htdocs\test\demos\blog\protected\components\UserIdentity.php(18): model()
#11 D:\xampp\htdocs\test\demos\blog\protected\models\LoginForm.php(50): UserIdentity->authenticate()
#12 D:\xampp\htdocs\test\framework\validators\CInlineValidator.php(43): LoginForm->authenticate()
#13 D:\xampp\htdocs\test\framework\validators\CValidator.php(214): CInlineValidator->validateAttribute()
#14 D:\xampp\htdocs\test\framework\base\CModel.php(158): CInlineValidator->validate()
#15 D:\xampp\htdocs\test\demos\blog\protected\controllers\SiteController.php(79): LoginForm->validate()
#16 D:\xampp\htdocs\test\framework\web\actions\CInlineAction.php(50): SiteController->actionLogin()
#17 D:\xampp\htdocs\test\framework\web\CController.php(309): CInlineAction->runWithParams()
#18 D:\xampp\htdocs\test\framework\web\CController.php(287): SiteController->runAction()
#19 D:\xampp\htdocs\test\framework\web\CController.php(266): SiteController->runActionWithFilters()
#20 D:\xampp\htdocs\test\framework\web\CWebApplication.php(283): SiteController->run()
#21 D:\xampp\htdocs\test\framework\web\CWebApplication.php(142): CWebApplication->runController()
#22 D:\xampp\htdocs\test\framework\base\CApplication.php(162): CWebApplication->processRequest()
#23 D:\xampp\htdocs\test\demos\blog\index.php(11): CWebApplication->run()
REQUEST_URI=/test/demos/blog/index.php/site/login
2012/10/15 15:50:44 [error] [php] include(PDO.php) [<a href='function.include'>function.include</a>]: failed to open stream: No such file or directory (D:\xampp\htdocs\test\framework\YiiBase.php:423)
Stack trace:
#0 D:\xampp\htdocs\test\framework\db\CDbConnection.php(421): spl_autoload_call()
#1 D:\xampp\htdocs\test\framework\db\CDbConnection.php(374): CDbConnection->createPdoInstance()
#2 D:\xampp\htdocs\test\framework\db\CDbConnection.php(331): CDbConnection->open()
#3 D:\xampp\htdocs\test\framework\db\CDbConnection.php(309): CDbConnection->setActive()
#4 D:\xampp\htdocs\test\framework\base\CModule.php(388): CDbConnection->init()
#5 D:\xampp\htdocs\test\framework\base\CApplication.php(431): CWebApplication->getComponent()
#6 D:\xampp\htdocs\test\framework\db\ar\CActiveRecord.php(624): CWebApplication->getDb()
#7 D:\xampp\htdocs\test\framework\db\ar\CActiveRecord.php(2311): Post->getDbConnection()
#8 D:\xampp\htdocs\test\framework\db\ar\CActiveRecord.php(388): CActiveRecordMetaData->__construct()
#9 D:\xampp\htdocs\test\framework\web\CActiveDataProvider.php(75): model()
#10 D:\xampp\htdocs\test\demos\blog\protected\controllers\PostController.php(132): CActiveDataProvider->__construct()
#11 D:\xampp\htdocs\test\framework\web\actions\CInlineAction.php(50): PostController->actionIndex()
#12 D:\xampp\htdocs\test\framework\web\CController.php(309): CInlineAction->runWithParams()
#13 D:\xampp\htdocs\test\framework\web\filters\CFilterChain.php(134): PostController->runAction()
#14 D:\xampp\htdocs\test\framework\web\filters\CFilter.php(41): CFilterChain->run()
#15 D:\xampp\htdocs\test\framework\web\CController.php(1146): CAccessControlFilter->filter()
#16 D:\xampp\htdocs\test\framework\web\filters\CInlineFilter.php(59): PostController->filterAccessControl()
#17 D:\xampp\htdocs\test\framework\web\filters\CFilterChain.php(131): CInlineFilter->filter()
#18 D:\xampp\htdocs\test\framework\web\CController.php(292): CFilterChain->run()
#19 D:\xampp\htdocs\test\framework\web\CController.php(266): PostController->runActionWithFilters()
#20 D:\xampp\htdocs\test\framework\web\CWebApplication.php(283): PostController->run()
#21 D:\xampp\htdocs\test\framework\web\CWebApplication.php(142): CWebApplication->runController()
#22 D:\xampp\htdocs\test\framework\base\CApplication.php(162): CWebApplication->processRequest()
#23 D:\xampp\htdocs\test\demos\blog\index.php(11): CWebApplication->run()
REQUEST_URI=/test/demos/blog/
